<?xml version="1.0" encoding="UTF-8"?>
<testsuite xmlns:xsi="http://www.w3.org/2001/XMLSchema-instance" xsi:noNamespaceSchemaLocation="https://maven.apache.org/surefire/maven-surefire-plugin/xsd/surefire-test-report-3.0.xsd" version="3.0" name="mm.min1moys.mchat.mention.TreeTest" time="0.372" tests="5" errors="0" skipped="0" failures="0">
  <properties>
    <property name="java.specification.version" value="23"/>
    <property name="sun.jnu.encoding" value="UTF-8"/>
    <property name="java.class.path" value="/home/minimoys/IdeaProjects/mChat/target/test-classes:/home/minimoys/IdeaProjects/mChat/target/classes:/home/minimoys/.m2/repository/io/papermc/paper/paper-api/1.21.1-R0.1-SNAPSHOT/paper-api-1.21.1-R0.1-SNAPSHOT.jar:/home/minimoys/.m2/repository/com/mojang/brigadier/1.2.9/brigadier-1.2.9.jar:/home/minimoys/.m2/repository/com/google/guava/guava/32.1.2-jre/guava-32.1.2-jre.jar:/home/minimoys/.m2/repository/com/google/guava/failureaccess/1.0.1/failureaccess-1.0.1.jar:/home/minimoys/.m2/repository/com/google/guava/listenablefuture/9999.0-empty-to-avoid-conflict-with-guava/listenablefuture-9999.0-empty-to-avoid-conflict-with-guava.jar:/home/minimoys/.m2/repository/com/google/code/findbugs/jsr305/3.0.2/jsr305-3.0.2.jar:/home/minimoys/.m2/repository/com/google/errorprone/error_prone_annotations/2.18.0/error_prone_annotations-2.18.0.jar:/home/minimoys/.m2/repository/com/google/j2objc/j2objc-annotations/2.8/j2objc-annotations-2.8.jar:/home/minimoys/.m2/repository/com/google/code/gson/gson/2.10.1/gson-2.10.1.jar:/home/minimoys/.m2/repository/net/md-5/bungeecord-chat/1.20-R0.2-deprecated+build.18/bungeecord-chat-1.20-R0.2-deprecated+build.18.jar:/home/minimoys/.m2/repository/org/yaml/snakeyaml/2.2/snakeyaml-2.2.jar:/home/minimoys/.m2/repository/org/joml/joml/1.10.5/joml-1.10.5.jar:/home/minimoys/.m2/repository/com/googlecode/json-simple/json-simple/1.1.1/json-simple-1.1.1.jar:/home/minimoys/.m2/repository/it/unimi/dsi/fastutil/8.5.6/fastutil-8.5.6.jar:/home/minimoys/.m2/repository/org/apache/logging/log4j/log4j-api/2.17.1/log4j-api-2.17.1.jar:/home/minimoys/.m2/repository/org/slf4j/slf4j-api/2.0.9/slf4j-api-2.0.9.jar:/home/minimoys/.m2/repository/org/apache/maven/maven-resolver-provider/3.9.6/maven-resolver-provider-3.9.6.jar:/home/minimoys/.m2/repository/org/apache/maven/maven-model/3.9.6/maven-model-3.9.6.jar:/home/minimoys/.m2/repository/org/apache/maven/maven-model-builder/3.9.6/maven-model-builder-3.9.6.jar:/home/minimoys/.m2/repository/org/codehaus/plexus/plexus-interpolation/1.26/plexus-interpolation-1.26.jar:/home/minimoys/.m2/repository/org/apache/maven/maven-artifact/3.9.6/maven-artifact-3.9.6.jar:/home/minimoys/.m2/repository/org/apache/commons/commons-lang3/3.12.0/commons-lang3-3.12.0.jar:/home/minimoys/.m2/repository/org/apache/maven/maven-builder-support/3.9.6/maven-builder-support-3.9.6.jar:/home/minimoys/.m2/repository/org/eclipse/sisu/org.eclipse.sisu.inject/0.9.0.M2/org.eclipse.sisu.inject-0.9.0.M2.jar:/home/minimoys/.m2/repository/org/apache/maven/maven-repository-metadata/3.9.6/maven-repository-metadata-3.9.6.jar:/home/minimoys/.m2/repository/org/apache/maven/resolver/maven-resolver-api/1.9.18/maven-resolver-api-1.9.18.jar:/home/minimoys/.m2/repository/org/apache/maven/resolver/maven-resolver-spi/1.9.18/maven-resolver-spi-1.9.18.jar:/home/minimoys/.m2/repository/org/apache/maven/resolver/maven-resolver-util/1.9.18/maven-resolver-util-1.9.18.jar:/home/minimoys/.m2/repository/org/apache/maven/resolver/maven-resolver-impl/1.9.18/maven-resolver-impl-1.9.18.jar:/home/minimoys/.m2/repository/org/apache/maven/resolver/maven-resolver-named-locks/1.9.18/maven-resolver-named-locks-1.9.18.jar:/home/minimoys/.m2/repository/org/codehaus/plexus/plexus-utils/3.5.1/plexus-utils-3.5.1.jar:/home/minimoys/.m2/repository/javax/inject/javax.inject/1/javax.inject-1.jar:/home/minimoys/.m2/repository/net/kyori/adventure-api/4.17.0/adventure-api-4.17.0.jar:/home/minimoys/.m2/repository/net/kyori/adventure-key/4.17.0/adventure-key-4.17.0.jar:/home/minimoys/.m2/repository/net/kyori/examination-api/1.3.0/examination-api-1.3.0.jar:/home/minimoys/.m2/repository/net/kyori/examination-string/1.3.0/examination-string-1.3.0.jar:/home/minimoys/.m2/repository/net/kyori/adventure-text-minimessage/4.17.0/adventure-text-minimessage-4.17.0.jar:/home/minimoys/.m2/repository/net/kyori/adventure-text-serializer-gson/4.17.0/adventure-text-serializer-gson-4.17.0.jar:/home/minimoys/.m2/repository/net/kyori/adventure-text-serializer-json/4.17.0/adventure-text-serializer-json-4.17.0.jar:/home/minimoys/.m2/repository/net/kyori/option/1.0.0/option-1.0.0.jar:/home/minimoys/.m2/repository/com/google/auto/service/auto-service-annotations/1.1.1/auto-service-annotations-1.1.1.jar:/home/minimoys/.m2/repository/net/kyori/adventure-text-serializer-legacy/4.17.0/adventure-text-serializer-legacy-4.17.0.jar:/home/minimoys/.m2/repository/net/kyori/adventure-text-serializer-plain/4.17.0/adventure-text-serializer-plain-4.17.0.jar:/home/minimoys/.m2/repository/net/kyori/adventure-text-logger-slf4j/4.17.0/adventure-text-logger-slf4j-4.17.0.jar:/home/minimoys/.m2/repository/org/checkerframework/checker-qual/3.33.0/checker-qual-3.33.0.jar:/home/minimoys/.m2/repository/org/ow2/asm/asm/9.7/asm-9.7.jar:/home/minimoys/.m2/repository/org/ow2/asm/asm-commons/9.7/asm-commons-9.7.jar:/home/minimoys/.m2/repository/org/ow2/asm/asm-tree/9.7/asm-tree-9.7.jar:/home/minimoys/.m2/repository/me/clip/placeholderapi/2.11.5/placeholderapi-2.11.5.jar:/home/minimoys/.m2/repository/org/jetbrains/annotations/23.0.0/annotations-23.0.0.jar:/home/minimoys/.m2/repository/org/bstats/bstats-bukkit/3.0.1/bstats-bukkit-3.0.1.jar:/home/minimoys/.m2/repository/org/bstats/bstats-base/3.0.1/bstats-base-3.0.1.jar:/home/minimoys/.m2/repository/net/kyori/adventure-platform-bukkit/4.3.1/adventure-platform-bukkit-4.3.1.jar:/home/minimoys/.m2/repository/net/kyori/adventure-platform-api/4.3.1/adventure-platform-api-4.3.1.jar:/home/minimoys/.m2/repository/net/kyori/adventure-text-serializer-bungeecord/4.3.1/adventure-text-serializer-bungeecord-4.3.1.jar:/home/minimoys/.m2/repository/net/kyori/adventure-nbt/4.13.1/adventure-nbt-4.13.1.jar:/home/minimoys/.m2/repository/net/kyori/adventure-text-serializer-gson-legacy-impl/4.13.1/adventure-text-serializer-gson-legacy-impl-4.13.1.jar:/home/minimoys/.m2/repository/net/kyori/adventure-platform-facet/4.3.1/adventure-platform-facet-4.3.1.jar:/home/minimoys/.m2/repository/net/kyori/adventure-platform-viaversion/4.3.1/adventure-platform-viaversion-4.3.1.jar:/home/minimoys/.m2/repository/org/junit/jupiter/junit-jupiter/5.10.2/junit-jupiter-5.10.2.jar:/home/minimoys/.m2/repository/org/junit/jupiter/junit-jupiter-api/5.10.2/junit-jupiter-api-5.10.2.jar:/home/minimoys/.m2/repository/org/opentest4j/opentest4j/1.3.0/opentest4j-1.3.0.jar:/home/minimoys/.m2/repository/org/junit/platform/junit-platform-commons/1.10.2/junit-platform-commons-1.10.2.jar:/home/minimoys/.m2/repository/org/apiguardian/apiguardian-api/1.1.2/apiguardian-api-1.1.2.jar:/home/minimoys/.m2/repository/org/junit/jupiter/junit-jupiter-params/5.10.2/junit-jupiter-params-5.10.2.jar:/home/minimoys/.m2/repository/org/junit/jupiter/junit-jupiter-engine/5.10.2/junit-jupiter-engine-5.10.2.jar:/home/minimoys/.m2/repository/org/junit/platform/junit-platform-engine/1.10.2/junit-platform-engine-1.10.2.jar:/home/minimoys/.m2/repository/com/github/MilkBowl/VaultAPI/1.7/VaultAPI-1.7.jar:/home/minimoys/.m2/repository/org/bukkit/bukkit/1.13.1-R0.1-SNAPSHOT/bukkit-1.13.1-R0.1-SNAPSHOT.jar:/home/minimoys/.m2/repository/commons-lang/commons-lang/2.6/commons-lang-2.6.jar:"/>
    <property name="java.vm.vendor" value="Oracle Corporation"/>
    <property name="sun.arch.data.model" value="64"/>
    <property name="java.vendor.url" value="https://java.oracle.com/"/>
    <property name="os.name" value="Linux"/>
    <property name="java.vm.specification.version" value="23"/>
    <property name="sun.java.launcher" value="SUN_STANDARD"/>
    <property name="user.country" value="RU"/>
    <property name="sun.boot.library.path" value="/home/minimoys/.jdks/openjdk-23/lib"/>
    <property name="sun.java.command" value="/home/minimoys/IdeaProjects/mChat/target/surefire/surefirebooter-20240925100908194_3.jar /home/minimoys/IdeaProjects/mChat/target/surefire 2024-09-25T10-09-08_120-jvmRun1 surefire-20240925100908194_1tmp surefire_0-20240925100908194_2tmp"/>
    <property name="jdk.debug" value="release"/>
    <property name="surefire.test.class.path" value="/home/minimoys/IdeaProjects/mChat/target/test-classes:/home/minimoys/IdeaProjects/mChat/target/classes:/home/minimoys/.m2/repository/io/papermc/paper/paper-api/1.21.1-R0.1-SNAPSHOT/paper-api-1.21.1-R0.1-SNAPSHOT.jar:/home/minimoys/.m2/repository/com/mojang/brigadier/1.2.9/brigadier-1.2.9.jar:/home/minimoys/.m2/repository/com/google/guava/guava/32.1.2-jre/guava-32.1.2-jre.jar:/home/minimoys/.m2/repository/com/google/guava/failureaccess/1.0.1/failureaccess-1.0.1.jar:/home/minimoys/.m2/repository/com/google/guava/listenablefuture/9999.0-empty-to-avoid-conflict-with-guava/listenablefuture-9999.0-empty-to-avoid-conflict-with-guava.jar:/home/minimoys/.m2/repository/com/google/code/findbugs/jsr305/3.0.2/jsr305-3.0.2.jar:/home/minimoys/.m2/repository/com/google/errorprone/error_prone_annotations/2.18.0/error_prone_annotations-2.18.0.jar:/home/minimoys/.m2/repository/com/google/j2objc/j2objc-annotations/2.8/j2objc-annotations-2.8.jar:/home/minimoys/.m2/repository/com/google/code/gson/gson/2.10.1/gson-2.10.1.jar:/home/minimoys/.m2/repository/net/md-5/bungeecord-chat/1.20-R0.2-deprecated+build.18/bungeecord-chat-1.20-R0.2-deprecated+build.18.jar:/home/minimoys/.m2/repository/org/yaml/snakeyaml/2.2/snakeyaml-2.2.jar:/home/minimoys/.m2/repository/org/joml/joml/1.10.5/joml-1.10.5.jar:/home/minimoys/.m2/repository/com/googlecode/json-simple/json-simple/1.1.1/json-simple-1.1.1.jar:/home/minimoys/.m2/repository/it/unimi/dsi/fastutil/8.5.6/fastutil-8.5.6.jar:/home/minimoys/.m2/repository/org/apache/logging/log4j/log4j-api/2.17.1/log4j-api-2.17.1.jar:/home/minimoys/.m2/repository/org/slf4j/slf4j-api/2.0.9/slf4j-api-2.0.9.jar:/home/minimoys/.m2/repository/org/apache/maven/maven-resolver-provider/3.9.6/maven-resolver-provider-3.9.6.jar:/home/minimoys/.m2/repository/org/apache/maven/maven-model/3.9.6/maven-model-3.9.6.jar:/home/minimoys/.m2/repository/org/apache/maven/maven-model-builder/3.9.6/maven-model-builder-3.9.6.jar:/home/minimoys/.m2/repository/org/codehaus/plexus/plexus-interpolation/1.26/plexus-interpolation-1.26.jar:/home/minimoys/.m2/repository/org/apache/maven/maven-artifact/3.9.6/maven-artifact-3.9.6.jar:/home/minimoys/.m2/repository/org/apache/commons/commons-lang3/3.12.0/commons-lang3-3.12.0.jar:/home/minimoys/.m2/repository/org/apache/maven/maven-builder-support/3.9.6/maven-builder-support-3.9.6.jar:/home/minimoys/.m2/repository/org/eclipse/sisu/org.eclipse.sisu.inject/0.9.0.M2/org.eclipse.sisu.inject-0.9.0.M2.jar:/home/minimoys/.m2/repository/org/apache/maven/maven-repository-metadata/3.9.6/maven-repository-metadata-3.9.6.jar:/home/minimoys/.m2/repository/org/apache/maven/resolver/maven-resolver-api/1.9.18/maven-resolver-api-1.9.18.jar:/home/minimoys/.m2/repository/org/apache/maven/resolver/maven-resolver-spi/1.9.18/maven-resolver-spi-1.9.18.jar:/home/minimoys/.m2/repository/org/apache/maven/resolver/maven-resolver-util/1.9.18/maven-resolver-util-1.9.18.jar:/home/minimoys/.m2/repository/org/apache/maven/resolver/maven-resolver-impl/1.9.18/maven-resolver-impl-1.9.18.jar:/home/minimoys/.m2/repository/org/apache/maven/resolver/maven-resolver-named-locks/1.9.18/maven-resolver-named-locks-1.9.18.jar:/home/minimoys/.m2/repository/org/codehaus/plexus/plexus-utils/3.5.1/plexus-utils-3.5.1.jar:/home/minimoys/.m2/repository/javax/inject/javax.inject/1/javax.inject-1.jar:/home/minimoys/.m2/repository/net/kyori/adventure-api/4.17.0/adventure-api-4.17.0.jar:/home/minimoys/.m2/repository/net/kyori/adventure-key/4.17.0/adventure-key-4.17.0.jar:/home/minimoys/.m2/repository/net/kyori/examination-api/1.3.0/examination-api-1.3.0.jar:/home/minimoys/.m2/repository/net/kyori/examination-string/1.3.0/examination-string-1.3.0.jar:/home/minimoys/.m2/repository/net/kyori/adventure-text-minimessage/4.17.0/adventure-text-minimessage-4.17.0.jar:/home/minimoys/.m2/repository/net/kyori/adventure-text-serializer-gson/4.17.0/adventure-text-serializer-gson-4.17.0.jar:/home/minimoys/.m2/repository/net/kyori/adventure-text-serializer-json/4.17.0/adventure-text-serializer-json-4.17.0.jar:/home/minimoys/.m2/repository/net/kyori/option/1.0.0/option-1.0.0.jar:/home/minimoys/.m2/repository/com/google/auto/service/auto-service-annotations/1.1.1/auto-service-annotations-1.1.1.jar:/home/minimoys/.m2/repository/net/kyori/adventure-text-serializer-legacy/4.17.0/adventure-text-serializer-legacy-4.17.0.jar:/home/minimoys/.m2/repository/net/kyori/adventure-text-serializer-plain/4.17.0/adventure-text-serializer-plain-4.17.0.jar:/home/minimoys/.m2/repository/net/kyori/adventure-text-logger-slf4j/4.17.0/adventure-text-logger-slf4j-4.17.0.jar:/home/minimoys/.m2/repository/org/checkerframework/checker-qual/3.33.0/checker-qual-3.33.0.jar:/home/minimoys/.m2/repository/org/ow2/asm/asm/9.7/asm-9.7.jar:/home/minimoys/.m2/repository/org/ow2/asm/asm-commons/9.7/asm-commons-9.7.jar:/home/minimoys/.m2/repository/org/ow2/asm/asm-tree/9.7/asm-tree-9.7.jar:/home/minimoys/.m2/repository/me/clip/placeholderapi/2.11.5/placeholderapi-2.11.5.jar:/home/minimoys/.m2/repository/org/jetbrains/annotations/23.0.0/annotations-23.0.0.jar:/home/minimoys/.m2/repository/org/bstats/bstats-bukkit/3.0.1/bstats-bukkit-3.0.1.jar:/home/minimoys/.m2/repository/org/bstats/bstats-base/3.0.1/bstats-base-3.0.1.jar:/home/minimoys/.m2/repository/net/kyori/adventure-platform-bukkit/4.3.1/adventure-platform-bukkit-4.3.1.jar:/home/minimoys/.m2/repository/net/kyori/adventure-platform-api/4.3.1/adventure-platform-api-4.3.1.jar:/home/minimoys/.m2/repository/net/kyori/adventure-text-serializer-bungeecord/4.3.1/adventure-text-serializer-bungeecord-4.3.1.jar:/home/minimoys/.m2/repository/net/kyori/adventure-nbt/4.13.1/adventure-nbt-4.13.1.jar:/home/minimoys/.m2/repository/net/kyori/adventure-text-serializer-gson-legacy-impl/4.13.1/adventure-text-serializer-gson-legacy-impl-4.13.1.jar:/home/minimoys/.m2/repository/net/kyori/adventure-platform-facet/4.3.1/adventure-platform-facet-4.3.1.jar:/home/minimoys/.m2/repository/net/kyori/adventure-platform-viaversion/4.3.1/adventure-platform-viaversion-4.3.1.jar:/home/minimoys/.m2/repository/org/junit/jupiter/junit-jupiter/5.10.2/junit-jupiter-5.10.2.jar:/home/minimoys/.m2/repository/org/junit/jupiter/junit-jupiter-api/5.10.2/junit-jupiter-api-5.10.2.jar:/home/minimoys/.m2/repository/org/opentest4j/opentest4j/1.3.0/opentest4j-1.3.0.jar:/home/minimoys/.m2/repository/org/junit/platform/junit-platform-commons/1.10.2/junit-platform-commons-1.10.2.jar:/home/minimoys/.m2/repository/org/apiguardian/apiguardian-api/1.1.2/apiguardian-api-1.1.2.jar:/home/minimoys/.m2/repository/org/junit/jupiter/junit-jupiter-params/5.10.2/junit-jupiter-params-5.10.2.jar:/home/minimoys/.m2/repository/org/junit/jupiter/junit-jupiter-engine/5.10.2/junit-jupiter-engine-5.10.2.jar:/home/minimoys/.m2/repository/org/junit/platform/junit-platform-engine/1.10.2/junit-platform-engine-1.10.2.jar:/home/minimoys/.m2/repository/com/github/MilkBowl/VaultAPI/1.7/VaultAPI-1.7.jar:/home/minimoys/.m2/repository/org/bukkit/bukkit/1.13.1-R0.1-SNAPSHOT/bukkit-1.13.1-R0.1-SNAPSHOT.jar:/home/minimoys/.m2/repository/commons-lang/commons-lang/2.6/commons-lang-2.6.jar:"/>
    <property name="sun.cpu.endian" value="little"/>
    <property name="user.home" value="/home/minimoys"/>
    <property name="user.language" value="ru"/>
    <property name="java.specification.vendor" value="Oracle Corporation"/>
    <property name="java.version.date" value="2024-09-17"/>
    <property name="java.home" value="/home/minimoys/.jdks/openjdk-23"/>
    <property name="file.separator" value="/"/>
    <property name="basedir" value="/home/minimoys/IdeaProjects/mChat"/>
    <property name="java.vm.compressedOopsMode" value="Zero based"/>
    <property name="line.separator" value="&#10;"/>
    <property name="java.specification.name" value="Java Platform API Specification"/>
    <property name="java.vm.specification.vendor" value="Oracle Corporation"/>
    <property name="surefire.real.class.path" value="/home/minimoys/IdeaProjects/mChat/target/surefire/surefirebooter-20240925100908194_3.jar"/>
    <property name="sun.management.compiler" value="HotSpot 64-Bit Tiered Compilers"/>
    <property name="java.runtime.version" value="23+37-2369"/>
    <property name="user.name" value="minimoys"/>
    <property name="stdout.encoding" value="UTF-8"/>
    <property name="path.separator" value=":"/>
    <property name="os.version" value="6.10.10-200.fc40.x86_64"/>
    <property name="java.runtime.name" value="OpenJDK Runtime Environment"/>
    <property name="file.encoding" value="UTF-8"/>
    <property name="java.vm.name" value="OpenJDK 64-Bit Server VM"/>
    <property name="localRepository" value="/home/minimoys/.m2/repository"/>
    <property name="java.vendor.url.bug" value="https://bugreport.java.com/bugreport/"/>
    <property name="java.io.tmpdir" value="/tmp"/>
    <property name="idea.version" value="2024.2.2"/>
    <property name="java.version" value="23"/>
    <property name="user.dir" value="/home/minimoys/IdeaProjects/mChat"/>
    <property name="os.arch" value="amd64"/>
    <property name="java.vm.specification.name" value="Java Virtual Machine Specification"/>
    <property name="native.encoding" value="UTF-8"/>
    <property name="java.library.path" value=":/usr/java/packages/lib:/usr/lib64:/lib64:/lib:/usr/lib"/>
    <property name="java.vm.info" value="mixed mode, sharing"/>
    <property name="stderr.encoding" value="UTF-8"/>
    <property name="java.vendor" value="Oracle Corporation"/>
    <property name="java.vm.version" value="23+37-2369"/>
    <property name="sun.io.unicode.encoding" value="UnicodeLittle"/>
    <property name="java.class.version" value="67.0"/>
  </properties>
  <testcase name="constructColdpath" classname="mm.min1moys.mchat.mention.TreeTest" time="0.022">
    <system-out><![CDATA[Cold path tree construction took 0ms and 204649ns
]]></system-out>
  </testcase>
  <testcase name="constructHotpath" classname="mm.min1moys.mchat.mention.TreeTest" time="0.316">
    <system-out><![CDATA[Hot path tree construction took 0ms and 14215ns
]]></system-out>
  </testcase>
  <testcase name="visualize" classname="mm.min1moys.mchat.mention.TreeTest" time="0.004">
    <system-out><![CDATA[┌──A──q──u──a──V──o──r──t──e──x.
│  │        └──A──d──v──e──n──t──u──r──e──r.
│  └──r──c──t──i──c──A──r──c──h──i──t──e──c──t.
├──B──l──a──z──e──C──h──a──s──e──r.
│              └──B──a──r──d.
├──C──r──e──e──p──e──r──C──o──m──m──a──n──d──e──r.
│  │                    └──a──t──a──l──y──s──t.
│  ├──o──s──m──i──c──C──r──a──z──e.
│  └──e──l──e──s──t──i──a──l──C──r──a──f──t──e──r.
├──D──i──a──m──o──n──d──R──o──v──e──r.
│  │                 └──D──y──n──a──m──o.
│  └──r──a──g──o──n──D──r──e──a──m──e──r.
├──E──m──b──e──r──E──a──g──l──e.
│     │           └──l──e──m──e──n──t──a──l.
│  │  └──e──r──a──l──d──E──n──i──g──m──a.
│  └──n──d──e──r──E──x──p──l──o──r──e──r.
│     │           └──m──p──r──e──s──s.
│     └──c──h──a──n──t──e──d──E──x──p──l──o──r──e──r.
├──F──r──o──s──t──y──F──o──x──1──2──3.
├──G──a──l──a──c──t──i──c──N──o──m──a──d.
│  └──i──l──d──e──d──G──o──l──e──m.
├──I──r──o──n──W──a──n──d──e──r──e──r.
│           └──I──g──n──i──t──e──r.
├──J──u──n──g──l──e──W──h──i──s──p──e──r──e──r.
├──L──a──v──a──L──e──a──p──e──r.
│  │           └──u──m──i──n──a──r──y.
│  └──u──n──a──r──L──y──n──x.
│                 └──a──b──y──r──i──n──t──h.
├──M──y──s──t──i──c──C──r──a──f──t──e──r.
│                 └──M──a──n──g──o.
│                    └──u──l──e.
├──N──e──t──h──e──r──N──i──n──j──a──X.
│                    └──o──m──a──d.
├──O──b──s──i──d──i──a──n──O──r──a──c──l──e.
│                          └──a──s──i──s.
├──P──i──x──e──l──P──i──o──n──e──e──r.
│  │              ├──r──o──w──l──e──r.
│  │              └──a──l──a──d──i──n.
│  └──h──a──n──t──o──m──P──i──o──n──e──e──r.
├──Q──u──a──n──t──u──m──Q──u──a──s──a──r.
│                          └──i──l──l.
├──R──u──b──y──R──i──d──e──r.
│              └──o──g──u──e.
├──S──h──a──d──o──w──D──r──a──g──o──n──6──4.
│  ├──k──y──w──a──r──d──S──a──m──u──r──a──i.
│  ├──t──a──r──r──y──S──t──i──t──c──h──e──r.
│     │     └──l──i──g──h──t──S──e──e──k──e──r.
│  │  └──o──r──m──y──S──t──a──r──d──u──s──t.
│  │                 └──e──e──k──e──r.
│  ├──i──l──v──e──r──S──t──r──i──k──e──r.
│  └──u──n──l──i──t──S──o──r──c──e──r──e──r.
├──T──h──u──n──d──e──r──P──e──n──g──u──i──n.
│  ├──e──r──r──a──T──i──t──a──n──i──u──m.
│  └──w──i──l──i──g──h──t──T──i──n──k──e──r──e──r.
└──W──a──n──d──e──r──i──n──g──W──y──v──e──r──n.
]]></system-out>
  </testcase>
  <testcase name="matchtest" classname="mm.min1moys.mchat.mention.TreeTest" time="0.002"/>
  <testcase name="matchcold" classname="mm.min1moys.mchat.mention.TreeTest" time="0.003">
    <system-out><![CDATA[list split took 0ms and 432400ns
set  split took 0ms and 157023ns
tree split took 0ms and 158807ns
tree first took 0ms and 66489ns
tree many  took 0ms and 80233ns
]]></system-out>
  </testcase>
</testsuite>